<?xml version="1.0" encoding="UTF-8"?>
<!-- Generated by org.testng.reporters.JUnitReportReporter -->
<testsuite hostname="DESKTOP-5DS53NE" failures="0" tests="1" name="SauceDemoTestNGAnnotations.TC04SelectProduct" time="13.517" errors="0" timestamp="2022-05-31T23:04:12 IST" skipped="0">
  <testcase classname="SauceDemoTestNGAnnotations.TC04SelectProduct" name="selectProduct" time="13.517"/>
  <system-out/>
</testsuite> <!-- SauceDemoTestNGAnnotations.TC04SelectProduct -->
