<?xml version="1.0" encoding="UTF-8"?>
<!-- Generated by org.testng.reporters.JUnitReportReporter -->
<testsuite hostname="DESKTOP-5DS53NE" failures="0" tests="1" name="SauceDemoTestNGAnnotations.TC02AddToCartValidation" time="10.017" errors="0" timestamp="2022-05-31T23:04:12 IST" skipped="0">
  <testcase classname="SauceDemoTestNGAnnotations.TC02AddToCartValidation" name="addToCart" time="10.017"/>
  <system-out/>
</testsuite> <!-- SauceDemoTestNGAnnotations.TC02AddToCartValidation -->
